NOTE: Picked up JDK_JAVA_OPTIONS:  --add-opens=java.base/java.lang=ALL-UNNAMED --add-opens=java.base/java.io=ALL-UNNAMED --add-opens=java.rmi/sun.rmi.transport=ALL-UNNAMED
06-Dec-2020 00:00:57.287 INFO [main] org.apache.catalina.startup.VersionLoggerListener.log Server version name:   Apache Tomcat/9.0.40
06-Dec-2020 00:00:57.290 INFO [main] org.apache.catalina.startup.VersionLoggerListener.log Server built:          Nov 12 2020 15:35:02 UTC
06-Dec-2020 00:00:57.290 INFO [main] org.apache.catalina.startup.VersionLoggerListener.log Server version number: 9.0.40.0
06-Dec-2020 00:00:57.290 INFO [main] org.apache.catalina.startup.VersionLoggerListener.log OS Name:               Mac OS X
06-Dec-2020 00:00:57.290 INFO [main] org.apache.catalina.startup.VersionLoggerListener.log OS Version:            10.15.5
06-Dec-2020 00:00:57.290 INFO [main] org.apache.catalina.startup.VersionLoggerListener.log Architecture:          x86_64
06-Dec-2020 00:00:57.290 INFO [main] org.apache.catalina.startup.VersionLoggerListener.log Java Home:             /Library/Java/JavaVirtualMachines/adoptopenjdk-11.jdk/Contents/Home
06-Dec-2020 00:00:57.291 INFO [main] org.apache.catalina.startup.VersionLoggerListener.log JVM Version:           11.0.7+10
06-Dec-2020 00:00:57.291 INFO [main] org.apache.catalina.startup.VersionLoggerListener.log JVM Vendor:            AdoptOpenJDK
06-Dec-2020 00:00:57.291 INFO [main] org.apache.catalina.startup.VersionLoggerListener.log CATALINA_BASE:         /Users/jackie/Downloads/tomcat
06-Dec-2020 00:00:57.291 INFO [main] org.apache.catalina.startup.VersionLoggerListener.log CATALINA_HOME:         /Users/jackie/Downloads/tomcat
06-Dec-2020 00:00:57.299 INFO [main] org.apache.catalina.startup.VersionLoggerListener.log Command line argument: --add-opens=java.base/java.lang=ALL-UNNAMED
06-Dec-2020 00:00:57.300 INFO [main] org.apache.catalina.startup.VersionLoggerListener.log Command line argument: --add-opens=java.base/java.io=ALL-UNNAMED
06-Dec-2020 00:00:57.300 INFO [main] org.apache.catalina.startup.VersionLoggerListener.log Command line argument: --add-opens=java.rmi/sun.rmi.transport=ALL-UNNAMED
06-Dec-2020 00:00:57.300 INFO [main] org.apache.catalina.startup.VersionLoggerListener.log Command line argument: -Djava.util.logging.config.file=/Users/jackie/Downloads/tomcat/conf/logging.properties
06-Dec-2020 00:00:57.300 INFO [main] org.apache.catalina.startup.VersionLoggerListener.log Command line argument: -Djava.util.logging.manager=org.apache.juli.ClassLoaderLogManager
06-Dec-2020 00:00:57.300 INFO [main] org.apache.catalina.startup.VersionLoggerListener.log Command line argument: -Djdk.tls.ephemeralDHKeySize=2048
06-Dec-2020 00:00:57.300 INFO [main] org.apache.catalina.startup.VersionLoggerListener.log Command line argument: -Djava.protocol.handler.pkgs=org.apache.catalina.webresources
06-Dec-2020 00:00:57.300 INFO [main] org.apache.catalina.startup.VersionLoggerListener.log Command line argument: -Dorg.apache.catalina.security.SecurityListener.UMASK=0027
06-Dec-2020 00:00:57.301 INFO [main] org.apache.catalina.startup.VersionLoggerListener.log Command line argument: -Dignore.endorsed.dirs=
06-Dec-2020 00:00:57.301 INFO [main] org.apache.catalina.startup.VersionLoggerListener.log Command line argument: -Dcatalina.base=/Users/jackie/Downloads/tomcat
06-Dec-2020 00:00:57.301 INFO [main] org.apache.catalina.startup.VersionLoggerListener.log Command line argument: -Dcatalina.home=/Users/jackie/Downloads/tomcat
06-Dec-2020 00:00:57.301 INFO [main] org.apache.catalina.startup.VersionLoggerListener.log Command line argument: -Djava.io.tmpdir=/Users/jackie/Downloads/tomcat/temp
06-Dec-2020 00:00:57.304 INFO [main] org.apache.catalina.core.AprLifecycleListener.lifecycleEvent The Apache Tomcat Native library which allows using OpenSSL was not found on the java.library.path: [/Users/jackie/Library/Java/Extensions:/Library/Java/Extensions:/Network/Library/Java/Extensions:/System/Library/Java/Extensions:/usr/lib/java:.]
06-Dec-2020 00:00:57.509 INFO [main] org.apache.coyote.AbstractProtocol.init Initializing ProtocolHandler ["http-nio-8080"]
06-Dec-2020 00:00:57.538 INFO [main] org.apache.catalina.startup.Catalina.load Server initialization in [405] milliseconds
06-Dec-2020 00:00:57.568 INFO [main] org.apache.catalina.core.StandardService.startInternal Starting service [Catalina]
06-Dec-2020 00:00:57.569 INFO [main] org.apache.catalina.core.StandardEngine.startInternal Starting Servlet engine: [Apache Tomcat/9.0.40]
06-Dec-2020 00:00:57.574 INFO [main] org.apache.catalina.startup.HostConfig.deployDirectory Deploying web application directory [/Users/jackie/Downloads/tomcat/webapps/Servlet]
06-Dec-2020 00:00:57.777 INFO [main] org.apache.catalina.startup.HostConfig.deployDirectory Deployment of web application directory [/Users/jackie/Downloads/tomcat/webapps/Servlet] has finished in [203] ms
06-Dec-2020 00:00:57.777 INFO [main] org.apache.catalina.startup.HostConfig.deployDirectory Deploying web application directory [/Users/jackie/Downloads/tomcat/webapps/docs]
06-Dec-2020 00:00:57.789 INFO [main] org.apache.catalina.startup.HostConfig.deployDirectory Deployment of web application directory [/Users/jackie/Downloads/tomcat/webapps/docs] has finished in [12] ms
06-Dec-2020 00:00:57.790 INFO [main] org.apache.catalina.startup.HostConfig.deployDirectory Deploying web application directory [/Users/jackie/Downloads/tomcat/webapps/manager]
06-Dec-2020 00:00:57.813 INFO [main] org.apache.catalina.startup.HostConfig.deployDirectory Deployment of web application directory [/Users/jackie/Downloads/tomcat/webapps/manager] has finished in [23] ms
06-Dec-2020 00:00:57.813 INFO [main] org.apache.catalina.startup.HostConfig.deployDirectory Deploying web application directory [/Users/jackie/Downloads/tomcat/webapps/examples]
06-Dec-2020 00:00:57.977 INFO [main] org.apache.catalina.startup.HostConfig.deployDirectory Deployment of web application directory [/Users/jackie/Downloads/tomcat/webapps/examples] has finished in [164] ms
06-Dec-2020 00:00:57.977 INFO [main] org.apache.catalina.startup.HostConfig.deployDirectory Deploying web application directory [/Users/jackie/Downloads/tomcat/webapps/ROOT]
06-Dec-2020 00:00:57.987 INFO [main] org.apache.catalina.startup.HostConfig.deployDirectory Deployment of web application directory [/Users/jackie/Downloads/tomcat/webapps/ROOT] has finished in [10] ms
06-Dec-2020 00:00:57.987 INFO [main] org.apache.catalina.startup.HostConfig.deployDirectory Deploying web application directory [/Users/jackie/Downloads/tomcat/webapps/host-manager]
06-Dec-2020 00:00:58.000 INFO [main] org.apache.catalina.startup.HostConfig.deployDirectory Deployment of web application directory [/Users/jackie/Downloads/tomcat/webapps/host-manager] has finished in [12] ms
06-Dec-2020 00:00:58.004 INFO [main] org.apache.coyote.AbstractProtocol.start Starting ProtocolHandler ["http-nio-8080"]
06-Dec-2020 00:00:58.011 INFO [main] org.apache.catalina.startup.Catalina.start Server startup in [472] milliseconds
NOTE: Picked up JDK_JAVA_OPTIONS:  --add-opens=java.base/java.lang=ALL-UNNAMED --add-opens=java.base/java.io=ALL-UNNAMED --add-opens=java.rmi/sun.rmi.transport=ALL-UNNAMED
06-Dec-2020 10:17:19.871 INFO [main] org.apache.catalina.startup.VersionLoggerListener.log Server version name:   Apache Tomcat/9.0.40
06-Dec-2020 10:17:19.874 INFO [main] org.apache.catalina.startup.VersionLoggerListener.log Server built:          Nov 12 2020 15:35:02 UTC
06-Dec-2020 10:17:19.875 INFO [main] org.apache.catalina.startup.VersionLoggerListener.log Server version number: 9.0.40.0
06-Dec-2020 10:17:19.875 INFO [main] org.apache.catalina.startup.VersionLoggerListener.log OS Name:               Mac OS X
06-Dec-2020 10:17:19.875 INFO [main] org.apache.catalina.startup.VersionLoggerListener.log OS Version:            10.15.5
06-Dec-2020 10:17:19.875 INFO [main] org.apache.catalina.startup.VersionLoggerListener.log Architecture:          x86_64
06-Dec-2020 10:17:19.875 INFO [main] org.apache.catalina.startup.VersionLoggerListener.log Java Home:             /Library/Java/JavaVirtualMachines/adoptopenjdk-11.jdk/Contents/Home
06-Dec-2020 10:17:19.875 INFO [main] org.apache.catalina.startup.VersionLoggerListener.log JVM Version:           11.0.7+10
06-Dec-2020 10:17:19.875 INFO [main] org.apache.catalina.startup.VersionLoggerListener.log JVM Vendor:            AdoptOpenJDK
06-Dec-2020 10:17:19.875 INFO [main] org.apache.catalina.startup.VersionLoggerListener.log CATALINA_BASE:         /Users/jackie/IdeaProjects/cs655-fall2020-network/tomcat
06-Dec-2020 10:17:19.875 INFO [main] org.apache.catalina.startup.VersionLoggerListener.log CATALINA_HOME:         /Users/jackie/IdeaProjects/cs655-fall2020-network/tomcat
06-Dec-2020 10:17:19.926 INFO [main] org.apache.catalina.startup.VersionLoggerListener.log Command line argument: --add-opens=java.base/java.lang=ALL-UNNAMED
06-Dec-2020 10:17:19.926 INFO [main] org.apache.catalina.startup.VersionLoggerListener.log Command line argument: --add-opens=java.base/java.io=ALL-UNNAMED
06-Dec-2020 10:17:19.926 INFO [main] org.apache.catalina.startup.VersionLoggerListener.log Command line argument: --add-opens=java.rmi/sun.rmi.transport=ALL-UNNAMED
06-Dec-2020 10:17:19.927 INFO [main] org.apache.catalina.startup.VersionLoggerListener.log Command line argument: -Djava.util.logging.config.file=/Users/jackie/IdeaProjects/cs655-fall2020-network/tomcat/conf/logging.properties
06-Dec-2020 10:17:19.927 INFO [main] org.apache.catalina.startup.VersionLoggerListener.log Command line argument: -Djava.util.logging.manager=org.apache.juli.ClassLoaderLogManager
06-Dec-2020 10:17:19.927 INFO [main] org.apache.catalina.startup.VersionLoggerListener.log Command line argument: -Djdk.tls.ephemeralDHKeySize=2048
06-Dec-2020 10:17:19.927 INFO [main] org.apache.catalina.startup.VersionLoggerListener.log Command line argument: -Djava.protocol.handler.pkgs=org.apache.catalina.webresources
06-Dec-2020 10:17:19.927 INFO [main] org.apache.catalina.startup.VersionLoggerListener.log Command line argument: -Dorg.apache.catalina.security.SecurityListener.UMASK=0027
06-Dec-2020 10:17:19.927 INFO [main] org.apache.catalina.startup.VersionLoggerListener.log Command line argument: -Dignore.endorsed.dirs=
06-Dec-2020 10:17:19.927 INFO [main] org.apache.catalina.startup.VersionLoggerListener.log Command line argument: -Dcatalina.base=/Users/jackie/IdeaProjects/cs655-fall2020-network/tomcat
06-Dec-2020 10:17:19.927 INFO [main] org.apache.catalina.startup.VersionLoggerListener.log Command line argument: -Dcatalina.home=/Users/jackie/IdeaProjects/cs655-fall2020-network/tomcat
06-Dec-2020 10:17:19.927 INFO [main] org.apache.catalina.startup.VersionLoggerListener.log Command line argument: -Djava.io.tmpdir=/Users/jackie/IdeaProjects/cs655-fall2020-network/tomcat/temp
06-Dec-2020 10:17:19.930 INFO [main] org.apache.catalina.core.AprLifecycleListener.lifecycleEvent The Apache Tomcat Native library which allows using OpenSSL was not found on the java.library.path: [/Users/jackie/Library/Java/Extensions:/Library/Java/Extensions:/Network/Library/Java/Extensions:/System/Library/Java/Extensions:/usr/lib/java:.]
06-Dec-2020 10:17:20.178 INFO [main] org.apache.coyote.AbstractProtocol.init Initializing ProtocolHandler ["http-nio-9090"]
06-Dec-2020 10:17:20.236 INFO [main] org.apache.catalina.startup.Catalina.load Server initialization in [555] milliseconds
06-Dec-2020 10:17:20.274 INFO [main] org.apache.catalina.core.StandardService.startInternal Starting service [Catalina]
06-Dec-2020 10:17:20.275 INFO [main] org.apache.catalina.core.StandardEngine.startInternal Starting Servlet engine: [Apache Tomcat/9.0.40]
06-Dec-2020 10:17:20.280 INFO [main] org.apache.catalina.startup.HostConfig.deployDirectory Deploying web application directory [/Users/jackie/IdeaProjects/cs655-fall2020-network/tomcat/webapps/Servlet]
06-Dec-2020 10:17:20.527 INFO [main] org.apache.catalina.startup.HostConfig.deployDirectory Deployment of web application directory [/Users/jackie/IdeaProjects/cs655-fall2020-network/tomcat/webapps/Servlet] has finished in [247] ms
06-Dec-2020 10:17:20.528 INFO [main] org.apache.catalina.startup.HostConfig.deployDirectory Deploying web application directory [/Users/jackie/IdeaProjects/cs655-fall2020-network/tomcat/webapps/docs]
06-Dec-2020 10:17:20.544 INFO [main] org.apache.catalina.startup.HostConfig.deployDirectory Deployment of web application directory [/Users/jackie/IdeaProjects/cs655-fall2020-network/tomcat/webapps/docs] has finished in [16] ms
06-Dec-2020 10:17:20.544 INFO [main] org.apache.catalina.startup.HostConfig.deployDirectory Deploying web application directory [/Users/jackie/IdeaProjects/cs655-fall2020-network/tomcat/webapps/manager]
06-Dec-2020 10:17:20.578 INFO [main] org.apache.catalina.startup.HostConfig.deployDirectory Deployment of web application directory [/Users/jackie/IdeaProjects/cs655-fall2020-network/tomcat/webapps/manager] has finished in [34] ms
06-Dec-2020 10:17:20.579 INFO [main] org.apache.catalina.startup.HostConfig.deployDirectory Deploying web application directory [/Users/jackie/IdeaProjects/cs655-fall2020-network/tomcat/webapps/examples]
06-Dec-2020 10:17:20.738 SEVERE [main] org.apache.catalina.startup.HostConfig.deployDirectory Error deploying web application directory [/Users/jackie/IdeaProjects/cs655-fall2020-network/tomcat/webapps/examples]
	java.lang.IllegalStateException: Error starting child
		at org.apache.catalina.core.ContainerBase.addChildInternal(ContainerBase.java:720)
		at org.apache.catalina.core.ContainerBase.addChild(ContainerBase.java:690)
		at org.apache.catalina.core.StandardHost.addChild(StandardHost.java:706)
		at org.apache.catalina.startup.HostConfig.deployDirectory(HostConfig.java:1133)
		at org.apache.catalina.startup.HostConfig$DeployDirectory.run(HostConfig.java:1866)
		at java.base/java.util.concurrent.Executors$RunnableAdapter.call(Executors.java:515)
		at java.base/java.util.concurrent.FutureTask.run(FutureTask.java:264)
		at org.apache.tomcat.util.threads.InlineExecutorService.execute(InlineExecutorService.java:75)
		at java.base/java.util.concurrent.AbstractExecutorService.submit(AbstractExecutorService.java:118)
		at org.apache.catalina.startup.HostConfig.deployDirectories(HostConfig.java:1045)
		at org.apache.catalina.startup.HostConfig.deployApps(HostConfig.java:429)
		at org.apache.catalina.startup.HostConfig.start(HostConfig.java:1576)
		at org.apache.catalina.startup.HostConfig.lifecycleEvent(HostConfig.java:309)
		at org.apache.catalina.util.LifecycleBase.fireLifecycleEvent(LifecycleBase.java:123)
		at org.apache.catalina.util.LifecycleBase.setStateInternal(LifecycleBase.java:423)
		at org.apache.catalina.util.LifecycleBase.setState(LifecycleBase.java:366)
		at org.apache.catalina.core.ContainerBase.startInternal(ContainerBase.java:936)
		at org.apache.catalina.core.StandardHost.startInternal(StandardHost.java:843)
		at org.apache.catalina.util.LifecycleBase.start(LifecycleBase.java:183)
		at org.apache.catalina.core.ContainerBase$StartChild.call(ContainerBase.java:1384)
		at org.apache.catalina.core.ContainerBase$StartChild.call(ContainerBase.java:1374)
		at java.base/java.util.concurrent.FutureTask.run(FutureTask.java:264)
		at org.apache.tomcat.util.threads.InlineExecutorService.execute(InlineExecutorService.java:75)
		at java.base/java.util.concurrent.AbstractExecutorService.submit(AbstractExecutorService.java:140)
		at org.apache.catalina.core.ContainerBase.startInternal(ContainerBase.java:909)
		at org.apache.catalina.core.StandardEngine.startInternal(StandardEngine.java:262)
		at org.apache.catalina.util.LifecycleBase.start(LifecycleBase.java:183)
		at org.apache.catalina.core.StandardService.startInternal(StandardService.java:421)
		at org.apache.catalina.util.LifecycleBase.start(LifecycleBase.java:183)
		at org.apache.catalina.core.StandardServer.startInternal(StandardServer.java:930)
		at org.apache.catalina.util.LifecycleBase.start(LifecycleBase.java:183)
		at org.apache.catalina.startup.Catalina.start(Catalina.java:772)
		at java.base/jdk.internal.reflect.NativeMethodAccessorImpl.invoke0(Native Method)
		at java.base/jdk.internal.reflect.NativeMethodAccessorImpl.invoke(NativeMethodAccessorImpl.java:62)
		at java.base/jdk.internal.reflect.DelegatingMethodAccessorImpl.invoke(DelegatingMethodAccessorImpl.java:43)
		at java.base/java.lang.reflect.Method.invoke(Method.java:566)
		at org.apache.catalina.startup.Bootstrap.start(Bootstrap.java:342)
		at org.apache.catalina.startup.Bootstrap.main(Bootstrap.java:473)
	Caused by: org.apache.catalina.LifecycleException: Failed to start component [StandardEngine[Catalina].StandardHost[localhost].StandardContext[/examples]]
		at org.apache.catalina.util.LifecycleBase.handleSubClassException(LifecycleBase.java:440)
		at org.apache.catalina.util.LifecycleBase.start(LifecycleBase.java:198)
		at org.apache.catalina.core.ContainerBase.addChildInternal(ContainerBase.java:717)
		... 37 more
	Caused by: java.lang.NoClassDefFoundError: websocket/drawboard/Room$Player
		at java.base/java.lang.Class.getDeclaredMethods0(Native Method)
		at java.base/java.lang.Class.privateGetDeclaredMethods(Class.java:3166)
		at java.base/java.lang.Class.getDeclaredMethods(Class.java:2309)
		at org.apache.tomcat.websocket.pojo.PojoMethodMapping.<init>(PojoMethodMapping.java:86)
		at org.apache.tomcat.websocket.server.WsServerContainer.addEndpoint(WsServerContainer.java:154)
		at org.apache.tomcat.websocket.server.WsServerContainer.addEndpoint(WsServerContainer.java:128)
		at org.apache.tomcat.websocket.server.WsSci.onStartup(WsSci.java:122)
		at org.apache.catalina.core.StandardContext.startInternal(StandardContext.java:5166)
		at org.apache.catalina.util.LifecycleBase.start(LifecycleBase.java:183)
		... 38 more
	Caused by: java.lang.ClassNotFoundException: websocket.drawboard.Room$Player
		at org.apache.catalina.loader.WebappClassLoaderBase.loadClass(WebappClassLoaderBase.java:1365)
		at org.apache.catalina.loader.WebappClassLoaderBase.loadClass(WebappClassLoaderBase.java:1188)
		... 47 more
06-Dec-2020 10:17:20.740 INFO [main] org.apache.catalina.startup.HostConfig.deployDirectory Deployment of web application directory [/Users/jackie/IdeaProjects/cs655-fall2020-network/tomcat/webapps/examples] has finished in [162] ms
06-Dec-2020 10:17:20.740 INFO [main] org.apache.catalina.startup.HostConfig.deployDirectory Deploying web application directory [/Users/jackie/IdeaProjects/cs655-fall2020-network/tomcat/webapps/ROOT]
06-Dec-2020 10:17:20.759 INFO [main] org.apache.catalina.startup.HostConfig.deployDirectory Deployment of web application directory [/Users/jackie/IdeaProjects/cs655-fall2020-network/tomcat/webapps/ROOT] has finished in [19] ms
06-Dec-2020 10:17:20.759 INFO [main] org.apache.catalina.startup.HostConfig.deployDirectory Deploying web application directory [/Users/jackie/IdeaProjects/cs655-fall2020-network/tomcat/webapps/host-manager]
06-Dec-2020 10:17:20.782 INFO [main] org.apache.catalina.startup.HostConfig.deployDirectory Deployment of web application directory [/Users/jackie/IdeaProjects/cs655-fall2020-network/tomcat/webapps/host-manager] has finished in [22] ms
06-Dec-2020 10:17:20.786 INFO [main] org.apache.coyote.AbstractProtocol.start Starting ProtocolHandler ["http-nio-9090"]
06-Dec-2020 10:17:20.796 INFO [main] org.apache.catalina.startup.Catalina.start Server startup in [559] milliseconds
06-Dec-2020 10:17:27.135 INFO [main] org.apache.catalina.core.StandardServer.await A valid shutdown command was received via the shutdown port. Stopping the Server instance.
06-Dec-2020 10:17:27.136 INFO [main] org.apache.coyote.AbstractProtocol.pause Pausing ProtocolHandler ["http-nio-9090"]
06-Dec-2020 10:17:27.144 INFO [main] org.apache.catalina.core.StandardService.stopInternal Stopping service [Catalina]
06-Dec-2020 10:17:27.158 INFO [main] org.apache.coyote.AbstractProtocol.stop Stopping ProtocolHandler ["http-nio-9090"]
06-Dec-2020 10:17:27.197 INFO [main] org.apache.coyote.AbstractProtocol.destroy Destroying ProtocolHandler ["http-nio-9090"]
NOTE: Picked up JDK_JAVA_OPTIONS:  --add-opens=java.base/java.lang=ALL-UNNAMED --add-opens=java.base/java.io=ALL-UNNAMED --add-opens=java.rmi/sun.rmi.transport=ALL-UNNAMED
06-Dec-2020 10:17:47.007 INFO [main] org.apache.catalina.startup.VersionLoggerListener.log Server version name:   Apache Tomcat/9.0.40
06-Dec-2020 10:17:47.012 INFO [main] org.apache.catalina.startup.VersionLoggerListener.log Server built:          Nov 12 2020 15:35:02 UTC
06-Dec-2020 10:17:47.012 INFO [main] org.apache.catalina.startup.VersionLoggerListener.log Server version number: 9.0.40.0
06-Dec-2020 10:17:47.012 INFO [main] org.apache.catalina.startup.VersionLoggerListener.log OS Name:               Mac OS X
06-Dec-2020 10:17:47.012 INFO [main] org.apache.catalina.startup.VersionLoggerListener.log OS Version:            10.15.5
06-Dec-2020 10:17:47.012 INFO [main] org.apache.catalina.startup.VersionLoggerListener.log Architecture:          x86_64
06-Dec-2020 10:17:47.013 INFO [main] org.apache.catalina.startup.VersionLoggerListener.log Java Home:             /Library/Java/JavaVirtualMachines/adoptopenjdk-11.jdk/Contents/Home
06-Dec-2020 10:17:47.013 INFO [main] org.apache.catalina.startup.VersionLoggerListener.log JVM Version:           11.0.7+10
06-Dec-2020 10:17:47.013 INFO [main] org.apache.catalina.startup.VersionLoggerListener.log JVM Vendor:            AdoptOpenJDK
06-Dec-2020 10:17:47.013 INFO [main] org.apache.catalina.startup.VersionLoggerListener.log CATALINA_BASE:         /Users/jackie/IdeaProjects/cs655-fall2020-network/tomcat
06-Dec-2020 10:17:47.013 INFO [main] org.apache.catalina.startup.VersionLoggerListener.log CATALINA_HOME:         /Users/jackie/IdeaProjects/cs655-fall2020-network/tomcat
06-Dec-2020 10:17:47.023 INFO [main] org.apache.catalina.startup.VersionLoggerListener.log Command line argument: --add-opens=java.base/java.lang=ALL-UNNAMED
06-Dec-2020 10:17:47.023 INFO [main] org.apache.catalina.startup.VersionLoggerListener.log Command line argument: --add-opens=java.base/java.io=ALL-UNNAMED
06-Dec-2020 10:17:47.023 INFO [main] org.apache.catalina.startup.VersionLoggerListener.log Command line argument: --add-opens=java.rmi/sun.rmi.transport=ALL-UNNAMED
06-Dec-2020 10:17:47.023 INFO [main] org.apache.catalina.startup.VersionLoggerListener.log Command line argument: -Djava.util.logging.config.file=/Users/jackie/IdeaProjects/cs655-fall2020-network/tomcat/conf/logging.properties
06-Dec-2020 10:17:47.023 INFO [main] org.apache.catalina.startup.VersionLoggerListener.log Command line argument: -Djava.util.logging.manager=org.apache.juli.ClassLoaderLogManager
06-Dec-2020 10:17:47.023 INFO [main] org.apache.catalina.startup.VersionLoggerListener.log Command line argument: -Djdk.tls.ephemeralDHKeySize=2048
06-Dec-2020 10:17:47.023 INFO [main] org.apache.catalina.startup.VersionLoggerListener.log Command line argument: -Djava.protocol.handler.pkgs=org.apache.catalina.webresources
06-Dec-2020 10:17:47.023 INFO [main] org.apache.catalina.startup.VersionLoggerListener.log Command line argument: -Dorg.apache.catalina.security.SecurityListener.UMASK=0027
06-Dec-2020 10:17:47.024 INFO [main] org.apache.catalina.startup.VersionLoggerListener.log Command line argument: -Dignore.endorsed.dirs=
06-Dec-2020 10:17:47.024 INFO [main] org.apache.catalina.startup.VersionLoggerListener.log Command line argument: -Dcatalina.base=/Users/jackie/IdeaProjects/cs655-fall2020-network/tomcat
06-Dec-2020 10:17:47.024 INFO [main] org.apache.catalina.startup.VersionLoggerListener.log Command line argument: -Dcatalina.home=/Users/jackie/IdeaProjects/cs655-fall2020-network/tomcat
06-Dec-2020 10:17:47.024 INFO [main] org.apache.catalina.startup.VersionLoggerListener.log Command line argument: -Djava.io.tmpdir=/Users/jackie/IdeaProjects/cs655-fall2020-network/tomcat/temp
06-Dec-2020 10:17:47.026 INFO [main] org.apache.catalina.core.AprLifecycleListener.lifecycleEvent The Apache Tomcat Native library which allows using OpenSSL was not found on the java.library.path: [/Users/jackie/Library/Java/Extensions:/Library/Java/Extensions:/Network/Library/Java/Extensions:/System/Library/Java/Extensions:/usr/lib/java:.]
06-Dec-2020 10:17:47.283 INFO [main] org.apache.coyote.AbstractProtocol.init Initializing ProtocolHandler ["http-nio-9090"]
06-Dec-2020 10:17:47.322 INFO [main] org.apache.catalina.startup.Catalina.load Server initialization in [486] milliseconds
06-Dec-2020 10:17:47.370 INFO [main] org.apache.catalina.core.StandardService.startInternal Starting service [Catalina]
06-Dec-2020 10:17:47.370 INFO [main] org.apache.catalina.core.StandardEngine.startInternal Starting Servlet engine: [Apache Tomcat/9.0.40]
06-Dec-2020 10:17:47.377 INFO [main] org.apache.catalina.startup.HostConfig.deployDirectory Deploying web application directory [/Users/jackie/IdeaProjects/cs655-fall2020-network/tomcat/webapps/Servlet]
06-Dec-2020 10:17:47.662 INFO [main] org.apache.catalina.startup.HostConfig.deployDirectory Deployment of web application directory [/Users/jackie/IdeaProjects/cs655-fall2020-network/tomcat/webapps/Servlet] has finished in [285] ms
06-Dec-2020 10:17:47.662 INFO [main] org.apache.catalina.startup.HostConfig.deployDirectory Deploying web application directory [/Users/jackie/IdeaProjects/cs655-fall2020-network/tomcat/webapps/docs]
06-Dec-2020 10:17:47.681 INFO [main] org.apache.catalina.startup.HostConfig.deployDirectory Deployment of web application directory [/Users/jackie/IdeaProjects/cs655-fall2020-network/tomcat/webapps/docs] has finished in [19] ms
06-Dec-2020 10:17:47.681 INFO [main] org.apache.catalina.startup.HostConfig.deployDirectory Deploying web application directory [/Users/jackie/IdeaProjects/cs655-fall2020-network/tomcat/webapps/manager]
06-Dec-2020 10:17:47.711 INFO [main] org.apache.catalina.startup.HostConfig.deployDirectory Deployment of web application directory [/Users/jackie/IdeaProjects/cs655-fall2020-network/tomcat/webapps/manager] has finished in [29] ms
06-Dec-2020 10:17:47.711 INFO [main] org.apache.catalina.startup.HostConfig.deployDirectory Deploying web application directory [/Users/jackie/IdeaProjects/cs655-fall2020-network/tomcat/webapps/examples]
06-Dec-2020 10:17:47.813 SEVERE [main] org.apache.catalina.startup.HostConfig.deployDirectory Error deploying web application directory [/Users/jackie/IdeaProjects/cs655-fall2020-network/tomcat/webapps/examples]
	java.lang.IllegalStateException: Error starting child
		at org.apache.catalina.core.ContainerBase.addChildInternal(ContainerBase.java:720)
		at org.apache.catalina.core.ContainerBase.addChild(ContainerBase.java:690)
		at org.apache.catalina.core.StandardHost.addChild(StandardHost.java:706)
		at org.apache.catalina.startup.HostConfig.deployDirectory(HostConfig.java:1133)
		at org.apache.catalina.startup.HostConfig$DeployDirectory.run(HostConfig.java:1866)
		at java.base/java.util.concurrent.Executors$RunnableAdapter.call(Executors.java:515)
		at java.base/java.util.concurrent.FutureTask.run(FutureTask.java:264)
		at org.apache.tomcat.util.threads.InlineExecutorService.execute(InlineExecutorService.java:75)
		at java.base/java.util.concurrent.AbstractExecutorService.submit(AbstractExecutorService.java:118)
		at org.apache.catalina.startup.HostConfig.deployDirectories(HostConfig.java:1045)
		at org.apache.catalina.startup.HostConfig.deployApps(HostConfig.java:429)
		at org.apache.catalina.startup.HostConfig.start(HostConfig.java:1576)
		at org.apache.catalina.startup.HostConfig.lifecycleEvent(HostConfig.java:309)
		at org.apache.catalina.util.LifecycleBase.fireLifecycleEvent(LifecycleBase.java:123)
		at org.apache.catalina.util.LifecycleBase.setStateInternal(LifecycleBase.java:423)
		at org.apache.catalina.util.LifecycleBase.setState(LifecycleBase.java:366)
		at org.apache.catalina.core.ContainerBase.startInternal(ContainerBase.java:936)
		at org.apache.catalina.core.StandardHost.startInternal(StandardHost.java:843)
		at org.apache.catalina.util.LifecycleBase.start(LifecycleBase.java:183)
		at org.apache.catalina.core.ContainerBase$StartChild.call(ContainerBase.java:1384)
		at org.apache.catalina.core.ContainerBase$StartChild.call(ContainerBase.java:1374)
		at java.base/java.util.concurrent.FutureTask.run(FutureTask.java:264)
		at org.apache.tomcat.util.threads.InlineExecutorService.execute(InlineExecutorService.java:75)
		at java.base/java.util.concurrent.AbstractExecutorService.submit(AbstractExecutorService.java:140)
		at org.apache.catalina.core.ContainerBase.startInternal(ContainerBase.java:909)
		at org.apache.catalina.core.StandardEngine.startInternal(StandardEngine.java:262)
		at org.apache.catalina.util.LifecycleBase.start(LifecycleBase.java:183)
		at org.apache.catalina.core.StandardService.startInternal(StandardService.java:421)
		at org.apache.catalina.util.LifecycleBase.start(LifecycleBase.java:183)
		at org.apache.catalina.core.StandardServer.startInternal(StandardServer.java:930)
		at org.apache.catalina.util.LifecycleBase.start(LifecycleBase.java:183)
		at org.apache.catalina.startup.Catalina.start(Catalina.java:772)
		at java.base/jdk.internal.reflect.NativeMethodAccessorImpl.invoke0(Native Method)
		at java.base/jdk.internal.reflect.NativeMethodAccessorImpl.invoke(NativeMethodAccessorImpl.java:62)
		at java.base/jdk.internal.reflect.DelegatingMethodAccessorImpl.invoke(DelegatingMethodAccessorImpl.java:43)
		at java.base/java.lang.reflect.Method.invoke(Method.java:566)
		at org.apache.catalina.startup.Bootstrap.start(Bootstrap.java:342)
		at org.apache.catalina.startup.Bootstrap.main(Bootstrap.java:473)
	Caused by: org.apache.catalina.LifecycleException: Failed to start component [StandardEngine[Catalina].StandardHost[localhost].StandardContext[/examples]]
		at org.apache.catalina.util.LifecycleBase.handleSubClassException(LifecycleBase.java:440)
		at org.apache.catalina.util.LifecycleBase.start(LifecycleBase.java:198)
		at org.apache.catalina.core.ContainerBase.addChildInternal(ContainerBase.java:717)
		... 37 more
	Caused by: java.lang.NoClassDefFoundError: websocket/drawboard/Room$Player
		at java.base/java.lang.Class.getDeclaredMethods0(Native Method)
		at java.base/java.lang.Class.privateGetDeclaredMethods(Class.java:3166)
		at java.base/java.lang.Class.getDeclaredMethods(Class.java:2309)
		at org.apache.tomcat.websocket.pojo.PojoMethodMapping.<init>(PojoMethodMapping.java:86)
		at org.apache.tomcat.websocket.server.WsServerContainer.addEndpoint(WsServerContainer.java:154)
		at org.apache.tomcat.websocket.server.WsServerContainer.addEndpoint(WsServerContainer.java:128)
		at org.apache.tomcat.websocket.server.WsSci.onStartup(WsSci.java:122)
		at org.apache.catalina.core.StandardContext.startInternal(StandardContext.java:5166)
		at org.apache.catalina.util.LifecycleBase.start(LifecycleBase.java:183)
		... 38 more
	Caused by: java.lang.ClassNotFoundException: websocket.drawboard.Room$Player
		at org.apache.catalina.loader.WebappClassLoaderBase.loadClass(WebappClassLoaderBase.java:1365)
		at org.apache.catalina.loader.WebappClassLoaderBase.loadClass(WebappClassLoaderBase.java:1188)
		... 47 more
06-Dec-2020 10:17:47.815 INFO [main] org.apache.catalina.startup.HostConfig.deployDirectory Deployment of web application directory [/Users/jackie/IdeaProjects/cs655-fall2020-network/tomcat/webapps/examples] has finished in [104] ms
06-Dec-2020 10:17:47.816 INFO [main] org.apache.catalina.startup.HostConfig.deployDirectory Deploying web application directory [/Users/jackie/IdeaProjects/cs655-fall2020-network/tomcat/webapps/ROOT]
06-Dec-2020 10:17:47.828 INFO [main] org.apache.catalina.startup.HostConfig.deployDirectory Deployment of web application directory [/Users/jackie/IdeaProjects/cs655-fall2020-network/tomcat/webapps/ROOT] has finished in [12] ms
06-Dec-2020 10:17:47.829 INFO [main] org.apache.catalina.startup.HostConfig.deployDirectory Deploying web application directory [/Users/jackie/IdeaProjects/cs655-fall2020-network/tomcat/webapps/host-manager]
06-Dec-2020 10:17:47.845 INFO [main] org.apache.catalina.startup.HostConfig.deployDirectory Deployment of web application directory [/Users/jackie/IdeaProjects/cs655-fall2020-network/tomcat/webapps/host-manager] has finished in [17] ms
06-Dec-2020 10:17:47.850 INFO [main] org.apache.coyote.AbstractProtocol.start Starting ProtocolHandler ["http-nio-9090"]
06-Dec-2020 10:17:47.864 INFO [main] org.apache.catalina.startup.Catalina.start Server startup in [541] milliseconds
NOTE: Picked up JDK_JAVA_OPTIONS:  --add-opens=java.base/java.lang=ALL-UNNAMED --add-opens=java.base/java.io=ALL-UNNAMED --add-opens=java.rmi/sun.rmi.transport=ALL-UNNAMED
06-Dec-2020 10:20:09.369 INFO [main] org.apache.catalina.startup.VersionLoggerListener.log Server version name:   Apache Tomcat/9.0.40
06-Dec-2020 10:20:09.374 INFO [main] org.apache.catalina.startup.VersionLoggerListener.log Server built:          Nov 12 2020 15:35:02 UTC
06-Dec-2020 10:20:09.375 INFO [main] org.apache.catalina.startup.VersionLoggerListener.log Server version number: 9.0.40.0
06-Dec-2020 10:20:09.375 INFO [main] org.apache.catalina.startup.VersionLoggerListener.log OS Name:               Mac OS X
06-Dec-2020 10:20:09.375 INFO [main] org.apache.catalina.startup.VersionLoggerListener.log OS Version:            10.15.5
06-Dec-2020 10:20:09.375 INFO [main] org.apache.catalina.startup.VersionLoggerListener.log Architecture:          x86_64
06-Dec-2020 10:20:09.375 INFO [main] org.apache.catalina.startup.VersionLoggerListener.log Java Home:             /Library/Java/JavaVirtualMachines/adoptopenjdk-11.jdk/Contents/Home
06-Dec-2020 10:20:09.375 INFO [main] org.apache.catalina.startup.VersionLoggerListener.log JVM Version:           11.0.7+10
06-Dec-2020 10:20:09.375 INFO [main] org.apache.catalina.startup.VersionLoggerListener.log JVM Vendor:            AdoptOpenJDK
06-Dec-2020 10:20:09.376 INFO [main] org.apache.catalina.startup.VersionLoggerListener.log CATALINA_BASE:         /Users/jackie/IdeaProjects/cs655-fall2020-network/tomcat
06-Dec-2020 10:20:09.376 INFO [main] org.apache.catalina.startup.VersionLoggerListener.log CATALINA_HOME:         /Users/jackie/IdeaProjects/cs655-fall2020-network/tomcat
06-Dec-2020 10:20:09.387 INFO [main] org.apache.catalina.startup.VersionLoggerListener.log Command line argument: --add-opens=java.base/java.lang=ALL-UNNAMED
06-Dec-2020 10:20:09.387 INFO [main] org.apache.catalina.startup.VersionLoggerListener.log Command line argument: --add-opens=java.base/java.io=ALL-UNNAMED
06-Dec-2020 10:20:09.388 INFO [main] org.apache.catalina.startup.VersionLoggerListener.log Command line argument: --add-opens=java.rmi/sun.rmi.transport=ALL-UNNAMED
06-Dec-2020 10:20:09.388 INFO [main] org.apache.catalina.startup.VersionLoggerListener.log Command line argument: -Djava.util.logging.config.file=/Users/jackie/IdeaProjects/cs655-fall2020-network/tomcat/conf/logging.properties
06-Dec-2020 10:20:09.388 INFO [main] org.apache.catalina.startup.VersionLoggerListener.log Command line argument: -Djava.util.logging.manager=org.apache.juli.ClassLoaderLogManager
06-Dec-2020 10:20:09.388 INFO [main] org.apache.catalina.startup.VersionLoggerListener.log Command line argument: -Djdk.tls.ephemeralDHKeySize=2048
06-Dec-2020 10:20:09.389 INFO [main] org.apache.catalina.startup.VersionLoggerListener.log Command line argument: -Djava.protocol.handler.pkgs=org.apache.catalina.webresources
06-Dec-2020 10:20:09.389 INFO [main] org.apache.catalina.startup.VersionLoggerListener.log Command line argument: -Dorg.apache.catalina.security.SecurityListener.UMASK=0027
06-Dec-2020 10:20:09.389 INFO [main] org.apache.catalina.startup.VersionLoggerListener.log Command line argument: -Dignore.endorsed.dirs=
06-Dec-2020 10:20:09.389 INFO [main] org.apache.catalina.startup.VersionLoggerListener.log Command line argument: -Dcatalina.base=/Users/jackie/IdeaProjects/cs655-fall2020-network/tomcat
06-Dec-2020 10:20:09.389 INFO [main] org.apache.catalina.startup.VersionLoggerListener.log Command line argument: -Dcatalina.home=/Users/jackie/IdeaProjects/cs655-fall2020-network/tomcat
06-Dec-2020 10:20:09.389 INFO [main] org.apache.catalina.startup.VersionLoggerListener.log Command line argument: -Djava.io.tmpdir=/Users/jackie/IdeaProjects/cs655-fall2020-network/tomcat/temp
06-Dec-2020 10:20:09.391 INFO [main] org.apache.catalina.core.AprLifecycleListener.lifecycleEvent The Apache Tomcat Native library which allows using OpenSSL was not found on the java.library.path: [/Users/jackie/Library/Java/Extensions:/Library/Java/Extensions:/Network/Library/Java/Extensions:/System/Library/Java/Extensions:/usr/lib/java:.]
06-Dec-2020 10:20:09.655 INFO [main] org.apache.coyote.AbstractProtocol.init Initializing ProtocolHandler ["http-nio-9090"]
06-Dec-2020 10:20:09.683 SEVERE [main] org.apache.catalina.util.LifecycleBase.handleSubClassException Failed to initialize component [Connector[HTTP/1.1-9090]]
	org.apache.catalina.LifecycleException: Protocol handler initialization failed
		at org.apache.catalina.connector.Connector.initInternal(Connector.java:1042)
		at org.apache.catalina.util.LifecycleBase.init(LifecycleBase.java:136)
		at org.apache.catalina.core.StandardService.initInternal(StandardService.java:533)
		at org.apache.catalina.util.LifecycleBase.init(LifecycleBase.java:136)
		at org.apache.catalina.core.StandardServer.initInternal(StandardServer.java:1057)
		at org.apache.catalina.util.LifecycleBase.init(LifecycleBase.java:136)
		at org.apache.catalina.startup.Catalina.load(Catalina.java:724)
		at org.apache.catalina.startup.Catalina.load(Catalina.java:746)
		at java.base/jdk.internal.reflect.NativeMethodAccessorImpl.invoke0(Native Method)
		at java.base/jdk.internal.reflect.NativeMethodAccessorImpl.invoke(NativeMethodAccessorImpl.java:62)
		at java.base/jdk.internal.reflect.DelegatingMethodAccessorImpl.invoke(DelegatingMethodAccessorImpl.java:43)
		at java.base/java.lang.reflect.Method.invoke(Method.java:566)
		at org.apache.catalina.startup.Bootstrap.load(Bootstrap.java:302)
		at org.apache.catalina.startup.Bootstrap.main(Bootstrap.java:472)
	Caused by: java.net.BindException: Address already in use
		at java.base/sun.nio.ch.Net.bind0(Native Method)
		at java.base/sun.nio.ch.Net.bind(Net.java:455)
		at java.base/sun.nio.ch.Net.bind(Net.java:447)
		at java.base/sun.nio.ch.ServerSocketChannelImpl.bind(ServerSocketChannelImpl.java:227)
		at java.base/sun.nio.ch.ServerSocketAdaptor.bind(ServerSocketAdaptor.java:80)
		at org.apache.tomcat.util.net.NioEndpoint.initServerSocket(NioEndpoint.java:228)
		at org.apache.tomcat.util.net.NioEndpoint.bind(NioEndpoint.java:211)
		at org.apache.tomcat.util.net.AbstractEndpoint.bindWithCleanup(AbstractEndpoint.java:1141)
		at org.apache.tomcat.util.net.AbstractEndpoint.init(AbstractEndpoint.java:1154)
		at org.apache.coyote.AbstractProtocol.init(AbstractProtocol.java:592)
		at org.apache.coyote.http11.AbstractHttp11Protocol.init(AbstractHttp11Protocol.java:80)
		at org.apache.catalina.connector.Connector.initInternal(Connector.java:1039)
		... 13 more
06-Dec-2020 10:20:09.684 INFO [main] org.apache.catalina.startup.Catalina.load Server initialization in [498] milliseconds
06-Dec-2020 10:20:09.721 INFO [main] org.apache.catalina.core.StandardService.startInternal Starting service [Catalina]
06-Dec-2020 10:20:09.721 INFO [main] org.apache.catalina.core.StandardEngine.startInternal Starting Servlet engine: [Apache Tomcat/9.0.40]
06-Dec-2020 10:20:09.726 INFO [main] org.apache.catalina.startup.HostConfig.deployDirectory Deploying web application directory [/Users/jackie/IdeaProjects/cs655-fall2020-network/tomcat/webapps/Servlet]
06-Dec-2020 10:20:09.968 INFO [main] org.apache.catalina.startup.HostConfig.deployDirectory Deployment of web application directory [/Users/jackie/IdeaProjects/cs655-fall2020-network/tomcat/webapps/Servlet] has finished in [242] ms
06-Dec-2020 10:20:09.968 INFO [main] org.apache.catalina.startup.HostConfig.deployDirectory Deploying web application directory [/Users/jackie/IdeaProjects/cs655-fall2020-network/tomcat/webapps/docs]
06-Dec-2020 10:20:09.983 INFO [main] org.apache.catalina.startup.HostConfig.deployDirectory Deployment of web application directory [/Users/jackie/IdeaProjects/cs655-fall2020-network/tomcat/webapps/docs] has finished in [15] ms
06-Dec-2020 10:20:09.983 INFO [main] org.apache.catalina.startup.HostConfig.deployDirectory Deploying web application directory [/Users/jackie/IdeaProjects/cs655-fall2020-network/tomcat/webapps/manager]
06-Dec-2020 10:20:10.009 INFO [main] org.apache.catalina.startup.HostConfig.deployDirectory Deployment of web application directory [/Users/jackie/IdeaProjects/cs655-fall2020-network/tomcat/webapps/manager] has finished in [26] ms
06-Dec-2020 10:20:10.009 INFO [main] org.apache.catalina.startup.HostConfig.deployDirectory Deploying web application directory [/Users/jackie/IdeaProjects/cs655-fall2020-network/tomcat/webapps/examples]
06-Dec-2020 10:20:10.124 SEVERE [main] org.apache.catalina.startup.HostConfig.deployDirectory Error deploying web application directory [/Users/jackie/IdeaProjects/cs655-fall2020-network/tomcat/webapps/examples]
	java.lang.IllegalStateException: Error starting child
		at org.apache.catalina.core.ContainerBase.addChildInternal(ContainerBase.java:720)
		at org.apache.catalina.core.ContainerBase.addChild(ContainerBase.java:690)
		at org.apache.catalina.core.StandardHost.addChild(StandardHost.java:706)
		at org.apache.catalina.startup.HostConfig.deployDirectory(HostConfig.java:1133)
		at org.apache.catalina.startup.HostConfig$DeployDirectory.run(HostConfig.java:1866)
		at java.base/java.util.concurrent.Executors$RunnableAdapter.call(Executors.java:515)
		at java.base/java.util.concurrent.FutureTask.run(FutureTask.java:264)
		at org.apache.tomcat.util.threads.InlineExecutorService.execute(InlineExecutorService.java:75)
		at java.base/java.util.concurrent.AbstractExecutorService.submit(AbstractExecutorService.java:118)
		at org.apache.catalina.startup.HostConfig.deployDirectories(HostConfig.java:1045)
		at org.apache.catalina.startup.HostConfig.deployApps(HostConfig.java:429)
		at org.apache.catalina.startup.HostConfig.start(HostConfig.java:1576)
		at org.apache.catalina.startup.HostConfig.lifecycleEvent(HostConfig.java:309)
		at org.apache.catalina.util.LifecycleBase.fireLifecycleEvent(LifecycleBase.java:123)
		at org.apache.catalina.util.LifecycleBase.setStateInternal(LifecycleBase.java:423)
		at org.apache.catalina.util.LifecycleBase.setState(LifecycleBase.java:366)
		at org.apache.catalina.core.ContainerBase.startInternal(ContainerBase.java:936)
		at org.apache.catalina.core.StandardHost.startInternal(StandardHost.java:843)
		at org.apache.catalina.util.LifecycleBase.start(LifecycleBase.java:183)
		at org.apache.catalina.core.ContainerBase$StartChild.call(ContainerBase.java:1384)
		at org.apache.catalina.core.ContainerBase$StartChild.call(ContainerBase.java:1374)
		at java.base/java.util.concurrent.FutureTask.run(FutureTask.java:264)
		at org.apache.tomcat.util.threads.InlineExecutorService.execute(InlineExecutorService.java:75)
		at java.base/java.util.concurrent.AbstractExecutorService.submit(AbstractExecutorService.java:140)
		at org.apache.catalina.core.ContainerBase.startInternal(ContainerBase.java:909)
		at org.apache.catalina.core.StandardEngine.startInternal(StandardEngine.java:262)
		at org.apache.catalina.util.LifecycleBase.start(LifecycleBase.java:183)
		at org.apache.catalina.core.StandardService.startInternal(StandardService.java:421)
		at org.apache.catalina.util.LifecycleBase.start(LifecycleBase.java:183)
		at org.apache.catalina.core.StandardServer.startInternal(StandardServer.java:930)
		at org.apache.catalina.util.LifecycleBase.start(LifecycleBase.java:183)
		at org.apache.catalina.startup.Catalina.start(Catalina.java:772)
		at java.base/jdk.internal.reflect.NativeMethodAccessorImpl.invoke0(Native Method)
		at java.base/jdk.internal.reflect.NativeMethodAccessorImpl.invoke(NativeMethodAccessorImpl.java:62)
		at java.base/jdk.internal.reflect.DelegatingMethodAccessorImpl.invoke(DelegatingMethodAccessorImpl.java:43)
		at java.base/java.lang.reflect.Method.invoke(Method.java:566)
		at org.apache.catalina.startup.Bootstrap.start(Bootstrap.java:342)
		at org.apache.catalina.startup.Bootstrap.main(Bootstrap.java:473)
	Caused by: org.apache.catalina.LifecycleException: Failed to start component [StandardEngine[Catalina].StandardHost[localhost].StandardContext[/examples]]
		at org.apache.catalina.util.LifecycleBase.handleSubClassException(LifecycleBase.java:440)
		at org.apache.catalina.util.LifecycleBase.start(LifecycleBase.java:198)
		at org.apache.catalina.core.ContainerBase.addChildInternal(ContainerBase.java:717)
		... 37 more
	Caused by: java.lang.NoClassDefFoundError: websocket/drawboard/Room$Player
		at java.base/java.lang.Class.getDeclaredMethods0(Native Method)
		at java.base/java.lang.Class.privateGetDeclaredMethods(Class.java:3166)
		at java.base/java.lang.Class.getDeclaredMethods(Class.java:2309)
		at org.apache.tomcat.websocket.pojo.PojoMethodMapping.<init>(PojoMethodMapping.java:86)
		at org.apache.tomcat.websocket.server.WsServerContainer.addEndpoint(WsServerContainer.java:154)
		at org.apache.tomcat.websocket.server.WsServerContainer.addEndpoint(WsServerContainer.java:128)
		at org.apache.tomcat.websocket.server.WsSci.onStartup(WsSci.java:122)
		at org.apache.catalina.core.StandardContext.startInternal(StandardContext.java:5166)
		at org.apache.catalina.util.LifecycleBase.start(LifecycleBase.java:183)
		... 38 more
	Caused by: java.lang.ClassNotFoundException: websocket.drawboard.Room$Player
		at org.apache.catalina.loader.WebappClassLoaderBase.loadClass(WebappClassLoaderBase.java:1365)
		at org.apache.catalina.loader.WebappClassLoaderBase.loadClass(WebappClassLoaderBase.java:1188)
		... 47 more
06-Dec-2020 10:20:10.125 INFO [main] org.apache.catalina.startup.HostConfig.deployDirectory Deployment of web application directory [/Users/jackie/IdeaProjects/cs655-fall2020-network/tomcat/webapps/examples] has finished in [116] ms
06-Dec-2020 10:20:10.126 INFO [main] org.apache.catalina.startup.HostConfig.deployDirectory Deploying web application directory [/Users/jackie/IdeaProjects/cs655-fall2020-network/tomcat/webapps/ROOT]
06-Dec-2020 10:20:10.137 INFO [main] org.apache.catalina.startup.HostConfig.deployDirectory Deployment of web application directory [/Users/jackie/IdeaProjects/cs655-fall2020-network/tomcat/webapps/ROOT] has finished in [12] ms
06-Dec-2020 10:20:10.138 INFO [main] org.apache.catalina.startup.HostConfig.deployDirectory Deploying web application directory [/Users/jackie/IdeaProjects/cs655-fall2020-network/tomcat/webapps/host-manager]
06-Dec-2020 10:20:10.155 INFO [main] org.apache.catalina.startup.HostConfig.deployDirectory Deployment of web application directory [/Users/jackie/IdeaProjects/cs655-fall2020-network/tomcat/webapps/host-manager] has finished in [17] ms
06-Dec-2020 10:20:10.159 INFO [main] org.apache.catalina.startup.Catalina.start Server startup in [474] milliseconds
06-Dec-2020 10:20:10.164 SEVERE [main] org.apache.catalina.core.StandardServer.await Failed to create server shutdown socket on address [localhost] and port [8005] (base port [8005] and offset [0])
	java.net.BindException: Address already in use (Bind failed)
		at java.base/java.net.PlainSocketImpl.socketBind(Native Method)
		at java.base/java.net.AbstractPlainSocketImpl.bind(AbstractPlainSocketImpl.java:436)
		at java.base/java.net.ServerSocket.bind(ServerSocket.java:395)
		at java.base/java.net.ServerSocket.<init>(ServerSocket.java:257)
		at org.apache.catalina.core.StandardServer.await(StandardServer.java:584)
		at org.apache.catalina.startup.Catalina.await(Catalina.java:864)
		at org.apache.catalina.startup.Catalina.start(Catalina.java:810)
		at java.base/jdk.internal.reflect.NativeMethodAccessorImpl.invoke0(Native Method)
		at java.base/jdk.internal.reflect.NativeMethodAccessorImpl.invoke(NativeMethodAccessorImpl.java:62)
		at java.base/jdk.internal.reflect.DelegatingMethodAccessorImpl.invoke(DelegatingMethodAccessorImpl.java:43)
		at java.base/java.lang.reflect.Method.invoke(Method.java:566)
		at org.apache.catalina.startup.Bootstrap.start(Bootstrap.java:342)
		at org.apache.catalina.startup.Bootstrap.main(Bootstrap.java:473)
06-Dec-2020 10:20:10.164 INFO [main] org.apache.coyote.AbstractProtocol.pause Pausing ProtocolHandler ["http-nio-9090"]
06-Dec-2020 10:20:10.165 INFO [main] org.apache.catalina.core.StandardService.stopInternal Stopping service [Catalina]
06-Dec-2020 10:20:10.178 INFO [main] org.apache.coyote.AbstractProtocol.stop Stopping ProtocolHandler ["http-nio-9090"]
06-Dec-2020 10:20:10.179 INFO [main] org.apache.coyote.AbstractProtocol.destroy Destroying ProtocolHandler ["http-nio-9090"]
06-Dec-2020 10:20:21.285 WARNING [main] org.apache.catalina.core.StandardServer.await Invalid shutdown command [] received
06-Dec-2020 10:23:49.279 INFO [main] org.apache.catalina.core.StandardServer.await A valid shutdown command was received via the shutdown port. Stopping the Server instance.
06-Dec-2020 10:23:49.280 INFO [main] org.apache.coyote.AbstractProtocol.pause Pausing ProtocolHandler ["http-nio-9090"]
06-Dec-2020 10:23:49.289 INFO [main] org.apache.catalina.core.StandardService.stopInternal Stopping service [Catalina]
06-Dec-2020 10:23:49.304 INFO [main] org.apache.coyote.AbstractProtocol.stop Stopping ProtocolHandler ["http-nio-9090"]
06-Dec-2020 10:23:49.339 INFO [main] org.apache.coyote.AbstractProtocol.destroy Destroying ProtocolHandler ["http-nio-9090"]
